Moved contents from 100/ to 100/1
Moved contents from 101/ to 101/1
Moved contents from 102/ to 102/1
Moved contents from 103/ to 103/1
Moved contents from 114/ to 114/1
Moved contents from 115/ to 115/1
Moved contents from 116/ to 116/1
Moved contents from 119/ to 119/1
Moved contents from 121/ to 121/1
Moved contents from 123/ to 123/1
Moved contents from 135/ to 135/1
Moved contents from 136/ to 136/1
Moved contents from 171/ to 171/1
Moved contents from 174/ to 174/1
Moved contents from 175/ to 175/1
Moved contents from 176/ to 176/1
Moved contents from 178/ to 178/1
Moved contents from 179/ to 179/1
Moved contents from 180/ to 180/1
Moved contents from 182/ to 182/1
Moved contents from 184/ to 184/1
Moved contents from 186/ to 186/1
Moved contents from 189/ to 189/1
Moved contents from 190/ to 190/1
Moved contents from 191/ to 191/1
Moved contents from 193/ to 193/1
Moved contents from 195/ to 195/1
Moved contents from 197/ to 197/1
Moved contents from 198/ to 198/1
Moved contents from 199/ to 199/1
Moved contents from 200/ to 200/1
Moved contents from 201/ to 201/1
Moved contents from 205/ to 205/1
Moved contents from 210/ to 210/1
Moved contents from 214/ to 214/1
Moved contents from 215/ to 215/1
Moved contents from 216/ to 216/1
Moved contents from 217/ to 217/1
Moved contents from 219/ to 219/1
Moved contents from 220/ to 220/1
Moved contents from 223/ to 223/1
Moved contents from 224/ to 224/1
Moved contents from 225/ to 225/1
Moved contents from 227/ to 227/1
Moved contents from 228/ to 228/1
Moved contents from 229/ to 229/1
Moved contents from 230/ to 230/1
Moved contents from 231/ to 231/1
Moved contents from 232/ to 232/1
Moved contents from 233/ to 233/1
Moved contents from 234/ to 234/1
Moved contents from 236/ to 236/1
Moved contents from 240/ to 240/1
Moved contents from 241/ to 241/1
Moved contents from 242/ to 242/1
Moved contents from 245/ to 245/1
Moved contents from 246/ to 246/1
Moved contents from 247/ to 247/1
Moved contents from 250/ to 250/1
Moved contents from 252/ to 252/1
Moved contents from 253/ to 253/1
Moved contents from 255/ to 255/1
Moved contents from 257/ to 257/1
Moved contents from 260/ to 260/1
Moved contents from 261/ to 261/1
Moved contents from 262/ to 262/1
Moved contents from 266/ to 266/1
Moved contents from 267/ to 267/1
Moved contents from 268/ to 268/1
Moved contents from 269/ to 269/1
Moved contents from 270/ to 270/1
Moved contents from 271/ to 271/1
Moved contents from 273/ to 273/1
Moved contents from 274/ to 274/1
Moved contents from 276/ to 276/1
Moved contents from 277/ to 277/1
Moved contents from 280/ to 280/1
Moved contents from 284/ to 284/1
Moved contents from 285/ to 285/1
Moved contents from 286/ to 286/1
Moved contents from 287/ to 287/1
Moved contents from 288/ to 288/1
Moved contents from 289/ to 289/1
Moved contents from 290/ to 290/1
Moved contents from 291/ to 291/1
Moved contents from 292/ to 292/1
Moved contents from 293/ to 293/1
Moved contents from 32/ to 32/1
Moved contents from 399/ to 399/1
Moved contents from 406/ to 406/1
Moved contents from 408/ to 408/1
Moved contents from 412/ to 412/1
Moved contents from 417/ to 417/1
Moved contents from 418/ to 418/1
Moved contents from 419/ to 419/1
Moved contents from 421/ to 421/1
Moved contents from 422/ to 422/1
Moved contents from 428/ to 428/1
Moved contents from 430/ to 430/1
Moved contents from 432/ to 432/1
Moved contents from 434/ to 434/1
Moved contents from 436/ to 436/1
Moved contents from 439/ to 439/1
Moved contents from 440/ to 440/1
Moved contents from 441/ to 441/1
Moved contents from 446/ to 446/1
Moved contents from 457/ to 457/1
Moved contents from 458/ to 458/1
Moved contents from 464/ to 464/1
Moved contents from 466/ to 466/1
Moved contents from 65/ to 65/1
Moved contents from 67/ to 67/1
Moved contents from 68/ to 68/1
Moved contents from 69/ to 69/1
Moved contents from 70/ to 70/1
Moved contents from 92/ to 92/1
Moved contents from 93/ to 93/1
Moved contents from 95/ to 95/1
Moved contents from 96/ to 96/1
Moved contents from 97/ to 97/1
---------------------------------------------------------------
Deleted duplicate folder: /Volumes/T7 Touch/sleep/92/1
Deleted duplicate folder: /Volumes/T7 Touch/sleep/95/1
Deleted duplicate folder: /Volumes/T7 Touch/sleep/96/1
Deleted duplicate folder: /Volumes/T7 Touch/sleep/97/1
Deleted duplicate folder: /Volumes/T7 Touch/sleep/100/1
Deleted duplicate folder: /Volumes/T7 Touch/sleep/101/1
Deleted duplicate folder: /Volumes/T7 Touch/sleep/102/1
Deleted duplicate folder: /Volumes/T7 Touch/sleep/103/1
Deleted duplicate folder: /Volumes/T7 Touch/sleep/114/1
Deleted duplicate folder: /Volumes/T7 Touch/sleep/115/1
Deleted duplicate folder: /Volumes/T7 Touch/sleep/116/1
Deleted duplicate folder: /Volumes/T7 Touch/sleep/121/1
Deleted duplicate folder: /Volumes/T7 Touch/sleep/123/1
Deleted duplicate folder: /Volumes/T7 Touch/sleep/135/1
Deleted duplicate folder: /Volumes/T7 Touch/sleep/136/1
Deleted duplicate folder: /Volumes/T7 Touch/sleep/171/1
Deleted duplicate folder: /Volumes/T7 Touch/sleep/174/1
Deleted duplicate folder: /Volumes/T7 Touch/sleep/175/1
Deleted duplicate folder: /Volumes/T7 Touch/sleep/176/1
Deleted duplicate folder: /Volumes/T7 Touch/sleep/178/1
Deleted duplicate folder: /Volumes/T7 Touch/sleep/180/1
Deleted duplicate folder: /Volumes/T7 Touch/sleep/184/1
Deleted duplicate folder: /Volumes/T7 Touch/sleep/186/1
Deleted duplicate folder: /Volumes/T7 Touch/sleep/189/1
Deleted duplicate folder: /Volumes/T7 Touch/sleep/190/1
Deleted duplicate folder: /Volumes/T7 Touch/sleep/191/1
Deleted duplicate folder: /Volumes/T7 Touch/sleep/193/1
Deleted duplicate folder: /Volumes/T7 Touch/sleep/197/1
Deleted duplicate folder: /Volumes/T7 Touch/sleep/198/1
Deleted duplicate folder: /Volumes/T7 Touch/sleep/200/1
Deleted duplicate folder: /Volumes/T7 Touch/sleep/201/1
Deleted duplicate folder: /Volumes/T7 Touch/sleep/217/1
Deleted duplicate folder: /Volumes/T7 Touch/sleep/234/1
Deleted duplicate folder: /Volumes/T7 Touch/sleep/266/1
Deleted duplicate folder: /Volumes/T7 Touch/sleep/267/1
Deleted duplicate folder: /Volumes/T7 Touch/sleep/269/1
Deleted duplicate folder: /Volumes/T7 Touch/sleep/270/1
Deleted duplicate folder: /Volumes/T7 Touch/sleep/274/1
Deleted duplicate folder: /Volumes/T7 Touch/sleep/276/1
Deleted duplicate folder: /Volumes/T7 Touch/sleep/277/1
Deleted duplicate folder: /Volumes/T7 Touch/sleep/280/1
Deleted duplicate folder: /Volumes/T7 Touch/sleep/285/1
Deleted duplicate folder: /Volumes/T7 Touch/sleep/289/1
Deleted duplicate folder: /Volumes/T7 Touch/sleep/399/1
Deleted duplicate folder: /Volumes/T7 Touch/sleep/408/1
Deleted duplicate folder: /Volumes/T7 Touch/sleep/417/1
Deleted duplicate folder: /Volumes/T7 Touch/sleep/421/1
Deleted duplicate folder: /Volumes/T7 Touch/sleep/430/1
Deleted duplicate folder: /Volumes/T7 Touch/sleep/432/1
Deleted duplicate folder: /Volumes/T7 Touch/sleep/436/1
Deleted duplicate folder: /Volumes/T7 Touch/sleep/440/1
Deleted duplicate folder: /Volumes/T7 Touch/sleep/441/1
Deleted duplicate folder: /Volumes/T7 Touch/sleep/458/1
Deleted duplicate folder: /Volumes/T7 Touch/sleep/466/1

total deleted: 54
---------------------------------------------------------------
Moved /Volumes/T7 Touch/sleep/1/9 -> /Volumes/T7 Touch/sleep/511
Moved /Volumes/T7 Touch/sleep/2/20 -> /Volumes/T7 Touch/sleep/1
Moved /Volumes/T7 Touch/sleep/3/32 -> /Volumes/T7 Touch/sleep/2
Moved /Volumes/T7 Touch/sleep/4/2 -> /Volumes/T7 Touch/sleep/3
Moved /Volumes/T7 Touch/sleep/5/2 -> /Volumes/T7 Touch/sleep/4
Moved /Volumes/T7 Touch/sleep/6/20 -> /Volumes/T7 Touch/sleep/5
Moved /Volumes/T7 Touch/sleep/7/7 -> /Volumes/T7 Touch/sleep/6
Moved /Volumes/T7 Touch/sleep/8/1 -> /Volumes/T7 Touch/sleep/7
Moved /Volumes/T7 Touch/sleep/9/6 -> /Volumes/T7 Touch/sleep/8
Moved /Volumes/T7 Touch/sleep/10/27 -> /Volumes/T7 Touch/sleep/9
Moved /Volumes/T7 Touch/sleep/11/33 -> /Volumes/T7 Touch/sleep/10
Moved /Volumes/T7 Touch/sleep/12/8 -> /Volumes/T7 Touch/sleep/11
Moved /Volumes/T7 Touch/sleep/13/25 -> /Volumes/T7 Touch/sleep/12
Moved /Volumes/T7 Touch/sleep/14/30 -> /Volumes/T7 Touch/sleep/13
Moved /Volumes/T7 Touch/sleep/15/5 -> /Volumes/T7 Touch/sleep/14
Moved /Volumes/T7 Touch/sleep/16/8 -> /Volumes/T7 Touch/sleep/15
Moved /Volumes/T7 Touch/sleep/17/11 -> /Volumes/T7 Touch/sleep/16
Moved /Volumes/T7 Touch/sleep/18/17 -> /Volumes/T7 Touch/sleep/17
Moved /Volumes/T7 Touch/sleep/19/15 -> /Volumes/T7 Touch/sleep/18
Moved /Volumes/T7 Touch/sleep/20/10 -> /Volumes/T7 Touch/sleep/19
Moved /Volumes/T7 Touch/sleep/21/15 -> /Volumes/T7 Touch/sleep/20
Moved /Volumes/T7 Touch/sleep/22/1 -> /Volumes/T7 Touch/sleep/21
Moved /Volumes/T7 Touch/sleep/23/24 -> /Volumes/T7 Touch/sleep/22
Moved /Volumes/T7 Touch/sleep/24/37 -> /Volumes/T7 Touch/sleep/23
Moved /Volumes/T7 Touch/sleep/25/7 -> /Volumes/T7 Touch/sleep/24
Moved /Volumes/T7 Touch/sleep/26/9 -> /Volumes/T7 Touch/sleep/25
Moved /Volumes/T7 Touch/sleep/27/36 -> /Volumes/T7 Touch/sleep/26
Moved /Volumes/T7 Touch/sleep/28/21 -> /Volumes/T7 Touch/sleep/27
Moved /Volumes/T7 Touch/sleep/29/8 -> /Volumes/T7 Touch/sleep/28
Moved /Volumes/T7 Touch/sleep/30/42 -> /Volumes/T7 Touch/sleep/29
Moved /Volumes/T7 Touch/sleep/31/13 -> /Volumes/T7 Touch/sleep/30
Moved /Volumes/T7 Touch/sleep/32/1 -> /Volumes/T7 Touch/sleep/31
Moved /Volumes/T7 Touch/sleep/33/10 -> /Volumes/T7 Touch/sleep/32
Moved /Volumes/T7 Touch/sleep/34/21 -> /Volumes/T7 Touch/sleep/33
Moved /Volumes/T7 Touch/sleep/35/19 -> /Volumes/T7 Touch/sleep/34
Moved /Volumes/T7 Touch/sleep/36/52 -> /Volumes/T7 Touch/sleep/35
Moved /Volumes/T7 Touch/sleep/37/20 -> /Volumes/T7 Touch/sleep/36
Moved /Volumes/T7 Touch/sleep/38/47 -> /Volumes/T7 Touch/sleep/37
Moved /Volumes/T7 Touch/sleep/39/8 -> /Volumes/T7 Touch/sleep/38
Moved /Volumes/T7 Touch/sleep/40/40 -> /Volumes/T7 Touch/sleep/39
Moved /Volumes/T7 Touch/sleep/41/27 -> /Volumes/T7 Touch/sleep/40
Moved /Volumes/T7 Touch/sleep/41/30 -> /Volumes/T7 Touch/sleep/512
Moved /Volumes/T7 Touch/sleep/42/36 -> /Volumes/T7 Touch/sleep/41
Moved /Volumes/T7 Touch/sleep/43/32 -> /Volumes/T7 Touch/sleep/42
Moved /Volumes/T7 Touch/sleep/44/6 -> /Volumes/T7 Touch/sleep/43
Moved /Volumes/T7 Touch/sleep/45/20 -> /Volumes/T7 Touch/sleep/44
Moved /Volumes/T7 Touch/sleep/46/8 -> /Volumes/T7 Touch/sleep/45
Moved /Volumes/T7 Touch/sleep/47/72 -> /Volumes/T7 Touch/sleep/46
Moved /Volumes/T7 Touch/sleep/48/1 -> /Volumes/T7 Touch/sleep/47
Moved /Volumes/T7 Touch/sleep/50/7 -> /Volumes/T7 Touch/sleep/48
Moved /Volumes/T7 Touch/sleep/51/2 -> /Volumes/T7 Touch/sleep/49
Moved /Volumes/T7 Touch/sleep/52/77 -> /Volumes/T7 Touch/sleep/50
Moved /Volumes/T7 Touch/sleep/53/20 -> /Volumes/T7 Touch/sleep/51
Moved /Volumes/T7 Touch/sleep/54/19 -> /Volumes/T7 Touch/sleep/52
Moved /Volumes/T7 Touch/sleep/55/23 -> /Volumes/T7 Touch/sleep/53
Moved /Volumes/T7 Touch/sleep/56/31 -> /Volumes/T7 Touch/sleep/54
Moved /Volumes/T7 Touch/sleep/58/11 -> /Volumes/T7 Touch/sleep/55
Moved /Volumes/T7 Touch/sleep/59/41 -> /Volumes/T7 Touch/sleep/56
Moved /Volumes/T7 Touch/sleep/60/48 -> /Volumes/T7 Touch/sleep/57
Moved /Volumes/T7 Touch/sleep/61/63 -> /Volumes/T7 Touch/sleep/58
Moved /Volumes/T7 Touch/sleep/62/5 -> /Volumes/T7 Touch/sleep/59
Moved /Volumes/T7 Touch/sleep/63/2 -> /Volumes/T7 Touch/sleep/60
Moved /Volumes/T7 Touch/sleep/64/81 -> /Volumes/T7 Touch/sleep/61
Moved /Volumes/T7 Touch/sleep/64/82 -> /Volumes/T7 Touch/sleep/62
Moved /Volumes/T7 Touch/sleep/64/83 -> /Volumes/T7 Touch/sleep/63
Moved /Volumes/T7 Touch/sleep/64/84 -> /Volumes/T7 Touch/sleep/513
Moved /Volumes/T7 Touch/sleep/64/85 -> /Volumes/T7 Touch/sleep/514
Moved /Volumes/T7 Touch/sleep/65/1 -> /Volumes/T7 Touch/sleep/64
Moved /Volumes/T7 Touch/sleep/66/140 -> /Volumes/T7 Touch/sleep/65
Moved /Volumes/T7 Touch/sleep/67/1 -> /Volumes/T7 Touch/sleep/66
Moved /Volumes/T7 Touch/sleep/67/123 -> /Volumes/T7 Touch/sleep/515
Moved /Volumes/T7 Touch/sleep/68/1 -> /Volumes/T7 Touch/sleep/67
Moved /Volumes/T7 Touch/sleep/69/1 -> /Volumes/T7 Touch/sleep/68
Moved /Volumes/T7 Touch/sleep/70/1 -> /Volumes/T7 Touch/sleep/69
Moved /Volumes/T7 Touch/sleep/71/135 -> /Volumes/T7 Touch/sleep/70
Moved /Volumes/T7 Touch/sleep/72/20 -> /Volumes/T7 Touch/sleep/71
Moved /Volumes/T7 Touch/sleep/73/23 -> /Volumes/T7 Touch/sleep/72
Moved /Volumes/T7 Touch/sleep/74/22 -> /Volumes/T7 Touch/sleep/73
Moved /Volumes/T7 Touch/sleep/75/23 -> /Volumes/T7 Touch/sleep/74
Moved /Volumes/T7 Touch/sleep/76/36 -> /Volumes/T7 Touch/sleep/75
Moved /Volumes/T7 Touch/sleep/77/1 -> /Volumes/T7 Touch/sleep/76
Moved /Volumes/T7 Touch/sleep/78/30 -> /Volumes/T7 Touch/sleep/77
Moved /Volumes/T7 Touch/sleep/79/28 -> /Volumes/T7 Touch/sleep/78
Moved /Volumes/T7 Touch/sleep/80/15 -> /Volumes/T7 Touch/sleep/79
Moved /Volumes/T7 Touch/sleep/81/42 -> /Volumes/T7 Touch/sleep/80
Moved /Volumes/T7 Touch/sleep/82/11 -> /Volumes/T7 Touch/sleep/81
Moved /Volumes/T7 Touch/sleep/83/21 -> /Volumes/T7 Touch/sleep/82
Moved /Volumes/T7 Touch/sleep/84/66 -> /Volumes/T7 Touch/sleep/83
Moved /Volumes/T7 Touch/sleep/85/23 -> /Volumes/T7 Touch/sleep/84
Moved /Volumes/T7 Touch/sleep/86/21 -> /Volumes/T7 Touch/sleep/85
Moved /Volumes/T7 Touch/sleep/87/21 -> /Volumes/T7 Touch/sleep/86
Moved /Volumes/T7 Touch/sleep/88/16 -> /Volumes/T7 Touch/sleep/87
Moved /Volumes/T7 Touch/sleep/89/83 -> /Volumes/T7 Touch/sleep/88
Moved /Volumes/T7 Touch/sleep/90/43 -> /Volumes/T7 Touch/sleep/89
Moved /Volumes/T7 Touch/sleep/91/125 -> /Volumes/T7 Touch/sleep/90
Moved /Volumes/T7 Touch/sleep/92/10 -> /Volumes/T7 Touch/sleep/91
Moved /Volumes/T7 Touch/sleep/93/1 -> /Volumes/T7 Touch/sleep/92
Moved /Volumes/T7 Touch/sleep/93/143 -> /Volumes/T7 Touch/sleep/516
Moved /Volumes/T7 Touch/sleep/94/26 -> /Volumes/T7 Touch/sleep/93
Moved /Volumes/T7 Touch/sleep/95/19 -> /Volumes/T7 Touch/sleep/94
Moved /Volumes/T7 Touch/sleep/96/146 -> /Volumes/T7 Touch/sleep/95
Moved /Volumes/T7 Touch/sleep/97/65 -> /Volumes/T7 Touch/sleep/96
Moved /Volumes/T7 Touch/sleep/98/156 -> /Volumes/T7 Touch/sleep/97
Moved /Volumes/T7 Touch/sleep/98/157 -> /Volumes/T7 Touch/sleep/517
Moved /Volumes/T7 Touch/sleep/99/72 -> /Volumes/T7 Touch/sleep/98
Moved /Volumes/T7 Touch/sleep/100/117 -> /Volumes/T7 Touch/sleep/99
Moved /Volumes/T7 Touch/sleep/101/117 -> /Volumes/T7 Touch/sleep/100
Moved /Volumes/T7 Touch/sleep/102/117 -> /Volumes/T7 Touch/sleep/101
Moved /Volumes/T7 Touch/sleep/103/129 -> /Volumes/T7 Touch/sleep/102
Moved /Volumes/T7 Touch/sleep/104/7 -> /Volumes/T7 Touch/sleep/103
Moved /Volumes/T7 Touch/sleep/105/23 -> /Volumes/T7 Touch/sleep/104
Moved /Volumes/T7 Touch/sleep/106/4 -> /Volumes/T7 Touch/sleep/105
Moved /Volumes/T7 Touch/sleep/107/11 -> /Volumes/T7 Touch/sleep/106
Moved /Volumes/T7 Touch/sleep/108/5 -> /Volumes/T7 Touch/sleep/107
Moved /Volumes/T7 Touch/sleep/109/35 -> /Volumes/T7 Touch/sleep/108
Moved /Volumes/T7 Touch/sleep/110/6 -> /Volumes/T7 Touch/sleep/109
Moved /Volumes/T7 Touch/sleep/111/1 -> /Volumes/T7 Touch/sleep/110
Moved /Volumes/T7 Touch/sleep/112/1 -> /Volumes/T7 Touch/sleep/111
Moved /Volumes/T7 Touch/sleep/113/67 -> /Volumes/T7 Touch/sleep/112
Moved /Volumes/T7 Touch/sleep/114/49 -> /Volumes/T7 Touch/sleep/113
Moved /Volumes/T7 Touch/sleep/115/35 -> /Volumes/T7 Touch/sleep/114
Moved /Volumes/T7 Touch/sleep/116/210 -> /Volumes/T7 Touch/sleep/115
Moved /Volumes/T7 Touch/sleep/117/172 -> /Volumes/T7 Touch/sleep/116
Moved /Volumes/T7 Touch/sleep/118/234 -> /Volumes/T7 Touch/sleep/117
Moved /Volumes/T7 Touch/sleep/119/1 -> /Volumes/T7 Touch/sleep/118
Moved /Volumes/T7 Touch/sleep/119/87 -> /Volumes/T7 Touch/sleep/518
Moved /Volumes/T7 Touch/sleep/120/119 -> /Volumes/T7 Touch/sleep/119
Moved /Volumes/T7 Touch/sleep/121/6 -> /Volumes/T7 Touch/sleep/120
Moved /Volumes/T7 Touch/sleep/122/63 -> /Volumes/T7 Touch/sleep/121
Moved /Volumes/T7 Touch/sleep/123/20 -> /Volumes/T7 Touch/sleep/122
Moved /Volumes/T7 Touch/sleep/124/31 -> /Volumes/T7 Touch/sleep/123
Moved /Volumes/T7 Touch/sleep/125/36 -> /Volumes/T7 Touch/sleep/124
Moved /Volumes/T7 Touch/sleep/126/5 -> /Volumes/T7 Touch/sleep/125
Moved /Volumes/T7 Touch/sleep/127/19 -> /Volumes/T7 Touch/sleep/126
Moved /Volumes/T7 Touch/sleep/128/7 -> /Volumes/T7 Touch/sleep/127
Moved /Volumes/T7 Touch/sleep/129/20 -> /Volumes/T7 Touch/sleep/128
Moved /Volumes/T7 Touch/sleep/130/6 -> /Volumes/T7 Touch/sleep/129
Moved /Volumes/T7 Touch/sleep/132/20 -> /Volumes/T7 Touch/sleep/130
Moved /Volumes/T7 Touch/sleep/133/5 -> /Volumes/T7 Touch/sleep/131
Moved /Volumes/T7 Touch/sleep/134/48 -> /Volumes/T7 Touch/sleep/132
Moved /Volumes/T7 Touch/sleep/135/101 -> /Volumes/T7 Touch/sleep/133
Moved /Volumes/T7 Touch/sleep/135/107 -> /Volumes/T7 Touch/sleep/134
Moved /Volumes/T7 Touch/sleep/136/139 -> /Volumes/T7 Touch/sleep/135
Moved /Volumes/T7 Touch/sleep/137/3 -> /Volumes/T7 Touch/sleep/136
Moved /Volumes/T7 Touch/sleep/138/19 -> /Volumes/T7 Touch/sleep/137
Moved /Volumes/T7 Touch/sleep/139/23 -> /Volumes/T7 Touch/sleep/138
Moved /Volumes/T7 Touch/sleep/140/6 -> /Volumes/T7 Touch/sleep/139
Moved /Volumes/T7 Touch/sleep/141/22 -> /Volumes/T7 Touch/sleep/140
Moved /Volumes/T7 Touch/sleep/142/14 -> /Volumes/T7 Touch/sleep/141
Moved /Volumes/T7 Touch/sleep/143/2 -> /Volumes/T7 Touch/sleep/142
Moved /Volumes/T7 Touch/sleep/144/11 -> /Volumes/T7 Touch/sleep/143
Moved /Volumes/T7 Touch/sleep/145/16 -> /Volumes/T7 Touch/sleep/144
Moved /Volumes/T7 Touch/sleep/146/7 -> /Volumes/T7 Touch/sleep/145
Moved /Volumes/T7 Touch/sleep/147/15 -> /Volumes/T7 Touch/sleep/146
Moved /Volumes/T7 Touch/sleep/148/5 -> /Volumes/T7 Touch/sleep/147
Moved /Volumes/T7 Touch/sleep/149/5 -> /Volumes/T7 Touch/sleep/148
Moved /Volumes/T7 Touch/sleep/150/30 -> /Volumes/T7 Touch/sleep/149
Moved /Volumes/T7 Touch/sleep/151/1 -> /Volumes/T7 Touch/sleep/150
Moved /Volumes/T7 Touch/sleep/152/20 -> /Volumes/T7 Touch/sleep/151
Moved /Volumes/T7 Touch/sleep/153/6 -> /Volumes/T7 Touch/sleep/152
Moved /Volumes/T7 Touch/sleep/154/21 -> /Volumes/T7 Touch/sleep/153
Moved /Volumes/T7 Touch/sleep/155/8 -> /Volumes/T7 Touch/sleep/154
Moved /Volumes/T7 Touch/sleep/156/27 -> /Volumes/T7 Touch/sleep/155
Moved /Volumes/T7 Touch/sleep/157/38 -> /Volumes/T7 Touch/sleep/156
Moved /Volumes/T7 Touch/sleep/158/3 -> /Volumes/T7 Touch/sleep/157
Moved /Volumes/T7 Touch/sleep/159/26 -> /Volumes/T7 Touch/sleep/158
Moved /Volumes/T7 Touch/sleep/160/12 -> /Volumes/T7 Touch/sleep/159
Moved /Volumes/T7 Touch/sleep/161/29 -> /Volumes/T7 Touch/sleep/160
Moved /Volumes/T7 Touch/sleep/162/9 -> /Volumes/T7 Touch/sleep/161
Moved /Volumes/T7 Touch/sleep/163/10 -> /Volumes/T7 Touch/sleep/162
Moved /Volumes/T7 Touch/sleep/164/1 -> /Volumes/T7 Touch/sleep/163
Moved /Volumes/T7 Touch/sleep/165/4 -> /Volumes/T7 Touch/sleep/164
Moved /Volumes/T7 Touch/sleep/166/9 -> /Volumes/T7 Touch/sleep/165
Moved /Volumes/T7 Touch/sleep/167/6 -> /Volumes/T7 Touch/sleep/166
Moved /Volumes/T7 Touch/sleep/168/2 -> /Volumes/T7 Touch/sleep/167
Moved /Volumes/T7 Touch/sleep/169/17 -> /Volumes/T7 Touch/sleep/168
Moved /Volumes/T7 Touch/sleep/170/25 -> /Volumes/T7 Touch/sleep/169
Moved /Volumes/T7 Touch/sleep/171/115 -> /Volumes/T7 Touch/sleep/170
Moved /Volumes/T7 Touch/sleep/172/124 -> /Volumes/T7 Touch/sleep/171
Moved /Volumes/T7 Touch/sleep/173/136 -> /Volumes/T7 Touch/sleep/172
Moved /Volumes/T7 Touch/sleep/174/112 -> /Volumes/T7 Touch/sleep/173
Moved /Volumes/T7 Touch/sleep/175/122 -> /Volumes/T7 Touch/sleep/174
Moved /Volumes/T7 Touch/sleep/176/154 -> /Volumes/T7 Touch/sleep/175
Moved /Volumes/T7 Touch/sleep/177/185 -> /Volumes/T7 Touch/sleep/176
Moved /Volumes/T7 Touch/sleep/177/21 -> /Volumes/T7 Touch/sleep/519
Moved /Volumes/T7 Touch/sleep/178/206 -> /Volumes/T7 Touch/sleep/177
Moved /Volumes/T7 Touch/sleep/179/1 -> /Volumes/T7 Touch/sleep/178
Moved /Volumes/T7 Touch/sleep/180/216 -> /Volumes/T7 Touch/sleep/179
Moved /Volumes/T7 Touch/sleep/181/40 -> /Volumes/T7 Touch/sleep/180
Moved /Volumes/T7 Touch/sleep/182/1 -> /Volumes/T7 Touch/sleep/181
Moved /Volumes/T7 Touch/sleep/183/134 -> /Volumes/T7 Touch/sleep/182
Moved /Volumes/T7 Touch/sleep/183/156 -> /Volumes/T7 Touch/sleep/520
Moved /Volumes/T7 Touch/sleep/184/175 -> /Volumes/T7 Touch/sleep/183
Moved /Volumes/T7 Touch/sleep/185/29 -> /Volumes/T7 Touch/sleep/184
Moved /Volumes/T7 Touch/sleep/186/226 -> /Volumes/T7 Touch/sleep/185
Moved /Volumes/T7 Touch/sleep/187/28 -> /Volumes/T7 Touch/sleep/186
Moved /Volumes/T7 Touch/sleep/188/95 -> /Volumes/T7 Touch/sleep/187
Moved /Volumes/T7 Touch/sleep/189/182 -> /Volumes/T7 Touch/sleep/188
Moved /Volumes/T7 Touch/sleep/190/126 -> /Volumes/T7 Touch/sleep/189
Moved /Volumes/T7 Touch/sleep/191/67 -> /Volumes/T7 Touch/sleep/190
Moved /Volumes/T7 Touch/sleep/192/30 -> /Volumes/T7 Touch/sleep/191
Moved /Volumes/T7 Touch/sleep/193/144 -> /Volumes/T7 Touch/sleep/192
Moved /Volumes/T7 Touch/sleep/194/6 -> /Volumes/T7 Touch/sleep/193
Moved /Volumes/T7 Touch/sleep/195/1 -> /Volumes/T7 Touch/sleep/194
Moved /Volumes/T7 Touch/sleep/196/20 -> /Volumes/T7 Touch/sleep/195
Moved /Volumes/T7 Touch/sleep/197/218 -> /Volumes/T7 Touch/sleep/196
Moved /Volumes/T7 Touch/sleep/198/33 -> /Volumes/T7 Touch/sleep/197
Moved /Volumes/T7 Touch/sleep/199/1 -> /Volumes/T7 Touch/sleep/198
Moved /Volumes/T7 Touch/sleep/199/125 -> /Volumes/T7 Touch/sleep/521
Moved /Volumes/T7 Touch/sleep/200/4 -> /Volumes/T7 Touch/sleep/199
Moved /Volumes/T7 Touch/sleep/201/152 -> /Volumes/T7 Touch/sleep/200
Moved /Volumes/T7 Touch/sleep/202/86 -> /Volumes/T7 Touch/sleep/201
Moved /Volumes/T7 Touch/sleep/203/7 -> /Volumes/T7 Touch/sleep/202
Moved /Volumes/T7 Touch/sleep/204/104 -> /Volumes/T7 Touch/sleep/203
Moved /Volumes/T7 Touch/sleep/205/1 -> /Volumes/T7 Touch/sleep/204
Moved /Volumes/T7 Touch/sleep/206/185 -> /Volumes/T7 Touch/sleep/205
Moved /Volumes/T7 Touch/sleep/206/189 -> /Volumes/T7 Touch/sleep/522
Moved /Volumes/T7 Touch/sleep/207/36 -> /Volumes/T7 Touch/sleep/206
Moved /Volumes/T7 Touch/sleep/207/7 -> /Volumes/T7 Touch/sleep/523
Moved /Volumes/T7 Touch/sleep/208/105 -> /Volumes/T7 Touch/sleep/207
Moved /Volumes/T7 Touch/sleep/210/1 -> /Volumes/T7 Touch/sleep/208
Moved /Volumes/T7 Touch/sleep/211/119 -> /Volumes/T7 Touch/sleep/209
Moved /Volumes/T7 Touch/sleep/212/65 -> /Volumes/T7 Touch/sleep/210
Moved /Volumes/T7 Touch/sleep/213/36 -> /Volumes/T7 Touch/sleep/211
Moved /Volumes/T7 Touch/sleep/214/1 -> /Volumes/T7 Touch/sleep/212
Moved /Volumes/T7 Touch/sleep/215/1 -> /Volumes/T7 Touch/sleep/213
Moved /Volumes/T7 Touch/sleep/216/1 -> /Volumes/T7 Touch/sleep/214
Moved /Volumes/T7 Touch/sleep/217/123 -> /Volumes/T7 Touch/sleep/215
Moved /Volumes/T7 Touch/sleep/218/153 -> /Volumes/T7 Touch/sleep/216
Moved /Volumes/T7 Touch/sleep/219/1 -> /Volumes/T7 Touch/sleep/217
Moved /Volumes/T7 Touch/sleep/220/1 -> /Volumes/T7 Touch/sleep/218
Moved /Volumes/T7 Touch/sleep/221/17 -> /Volumes/T7 Touch/sleep/219
Moved /Volumes/T7 Touch/sleep/222/5 -> /Volumes/T7 Touch/sleep/220
Moved /Volumes/T7 Touch/sleep/223/1 -> /Volumes/T7 Touch/sleep/221
Moved /Volumes/T7 Touch/sleep/224/1 -> /Volumes/T7 Touch/sleep/222
Moved /Volumes/T7 Touch/sleep/225/1 -> /Volumes/T7 Touch/sleep/223
Moved /Volumes/T7 Touch/sleep/226/140 -> /Volumes/T7 Touch/sleep/224
Moved /Volumes/T7 Touch/sleep/227/1 -> /Volumes/T7 Touch/sleep/225
Moved /Volumes/T7 Touch/sleep/228/1 -> /Volumes/T7 Touch/sleep/226
Moved /Volumes/T7 Touch/sleep/229/1 -> /Volumes/T7 Touch/sleep/227
Moved /Volumes/T7 Touch/sleep/230/1 -> /Volumes/T7 Touch/sleep/228
Moved /Volumes/T7 Touch/sleep/231/1 -> /Volumes/T7 Touch/sleep/229
Moved /Volumes/T7 Touch/sleep/232/1 -> /Volumes/T7 Touch/sleep/230
Moved /Volumes/T7 Touch/sleep/233/1 -> /Volumes/T7 Touch/sleep/231
Moved /Volumes/T7 Touch/sleep/234/95 -> /Volumes/T7 Touch/sleep/232
Moved /Volumes/T7 Touch/sleep/234/98 -> /Volumes/T7 Touch/sleep/233
Moved /Volumes/T7 Touch/sleep/235/146 -> /Volumes/T7 Touch/sleep/234
Moved /Volumes/T7 Touch/sleep/236/1 -> /Volumes/T7 Touch/sleep/235
Moved /Volumes/T7 Touch/sleep/237/168 -> /Volumes/T7 Touch/sleep/236
Moved /Volumes/T7 Touch/sleep/238/7 -> /Volumes/T7 Touch/sleep/237
Moved /Volumes/T7 Touch/sleep/239/10 -> /Volumes/T7 Touch/sleep/238
Moved /Volumes/T7 Touch/sleep/240/1 -> /Volumes/T7 Touch/sleep/239
Moved /Volumes/T7 Touch/sleep/241/1 -> /Volumes/T7 Touch/sleep/240
Moved /Volumes/T7 Touch/sleep/242/1 -> /Volumes/T7 Touch/sleep/241
Moved /Volumes/T7 Touch/sleep/243/137 -> /Volumes/T7 Touch/sleep/242
Moved /Volumes/T7 Touch/sleep/243/138 -> /Volumes/T7 Touch/sleep/524
Moved /Volumes/T7 Touch/sleep/244/89 -> /Volumes/T7 Touch/sleep/243
Moved /Volumes/T7 Touch/sleep/245/1 -> /Volumes/T7 Touch/sleep/244
Moved /Volumes/T7 Touch/sleep/246/1 -> /Volumes/T7 Touch/sleep/245
Moved /Volumes/T7 Touch/sleep/247/1 -> /Volumes/T7 Touch/sleep/246
Moved /Volumes/T7 Touch/sleep/248/16 -> /Volumes/T7 Touch/sleep/247
Moved /Volumes/T7 Touch/sleep/249/279 -> /Volumes/T7 Touch/sleep/248
Moved /Volumes/T7 Touch/sleep/250/1 -> /Volumes/T7 Touch/sleep/249
Moved /Volumes/T7 Touch/sleep/251/128 -> /Volumes/T7 Touch/sleep/250
Moved /Volumes/T7 Touch/sleep/252/1 -> /Volumes/T7 Touch/sleep/251
Moved /Volumes/T7 Touch/sleep/253/1 -> /Volumes/T7 Touch/sleep/252
Moved /Volumes/T7 Touch/sleep/254/271 -> /Volumes/T7 Touch/sleep/253
Moved /Volumes/T7 Touch/sleep/255/1 -> /Volumes/T7 Touch/sleep/254
Moved /Volumes/T7 Touch/sleep/256/39 -> /Volumes/T7 Touch/sleep/255
Moved /Volumes/T7 Touch/sleep/257/1 -> /Volumes/T7 Touch/sleep/256
Moved /Volumes/T7 Touch/sleep/258/131 -> /Volumes/T7 Touch/sleep/257
Moved /Volumes/T7 Touch/sleep/259/281 -> /Volumes/T7 Touch/sleep/258
Moved /Volumes/T7 Touch/sleep/260/1 -> /Volumes/T7 Touch/sleep/259
Moved /Volumes/T7 Touch/sleep/261/1 -> /Volumes/T7 Touch/sleep/260
Moved /Volumes/T7 Touch/sleep/262/1 -> /Volumes/T7 Touch/sleep/261
Moved /Volumes/T7 Touch/sleep/263/187 -> /Volumes/T7 Touch/sleep/262
Moved /Volumes/T7 Touch/sleep/264/19 -> /Volumes/T7 Touch/sleep/263
Moved /Volumes/T7 Touch/sleep/265/114 -> /Volumes/T7 Touch/sleep/264
Moved /Volumes/T7 Touch/sleep/266/11 -> /Volumes/T7 Touch/sleep/265
Moved /Volumes/T7 Touch/sleep/267/56 -> /Volumes/T7 Touch/sleep/266
Moved /Volumes/T7 Touch/sleep/268/1 -> /Volumes/T7 Touch/sleep/267
Moved /Volumes/T7 Touch/sleep/269/6 -> /Volumes/T7 Touch/sleep/268
Moved /Volumes/T7 Touch/sleep/270/30 -> /Volumes/T7 Touch/sleep/269
Moved /Volumes/T7 Touch/sleep/271/1 -> /Volumes/T7 Touch/sleep/270
Moved /Volumes/T7 Touch/sleep/272/10 -> /Volumes/T7 Touch/sleep/271
Moved /Volumes/T7 Touch/sleep/273/1 -> /Volumes/T7 Touch/sleep/272
Moved /Volumes/T7 Touch/sleep/274/177 -> /Volumes/T7 Touch/sleep/273
Moved /Volumes/T7 Touch/sleep/275/16 -> /Volumes/T7 Touch/sleep/274
Moved /Volumes/T7 Touch/sleep/276/113 -> /Volumes/T7 Touch/sleep/275
Moved /Volumes/T7 Touch/sleep/277/109 -> /Volumes/T7 Touch/sleep/276
Moved /Volumes/T7 Touch/sleep/278/256 -> /Volumes/T7 Touch/sleep/277
Moved /Volumes/T7 Touch/sleep/279/3 -> /Volumes/T7 Touch/sleep/278
Moved /Volumes/T7 Touch/sleep/280/124 -> /Volumes/T7 Touch/sleep/279
Moved /Volumes/T7 Touch/sleep/281/31 -> /Volumes/T7 Touch/sleep/280
Moved /Volumes/T7 Touch/sleep/281/42 -> /Volumes/T7 Touch/sleep/525
Moved /Volumes/T7 Touch/sleep/282/83 -> /Volumes/T7 Touch/sleep/281
Moved /Volumes/T7 Touch/sleep/283/9 -> /Volumes/T7 Touch/sleep/282
Moved /Volumes/T7 Touch/sleep/284/1 -> /Volumes/T7 Touch/sleep/283
Moved /Volumes/T7 Touch/sleep/285/29 -> /Volumes/T7 Touch/sleep/284
Moved /Volumes/T7 Touch/sleep/286/1 -> /Volumes/T7 Touch/sleep/285
Moved /Volumes/T7 Touch/sleep/287/1 -> /Volumes/T7 Touch/sleep/286
Moved /Volumes/T7 Touch/sleep/288/1 -> /Volumes/T7 Touch/sleep/287
Moved /Volumes/T7 Touch/sleep/288/285 -> /Volumes/T7 Touch/sleep/526
Moved /Volumes/T7 Touch/sleep/289/115 -> /Volumes/T7 Touch/sleep/288
Moved /Volumes/T7 Touch/sleep/290/1 -> /Volumes/T7 Touch/sleep/289
Moved /Volumes/T7 Touch/sleep/291/1 -> /Volumes/T7 Touch/sleep/290
Moved /Volumes/T7 Touch/sleep/292/1 -> /Volumes/T7 Touch/sleep/291
Moved /Volumes/T7 Touch/sleep/293/1 -> /Volumes/T7 Touch/sleep/292
Moved /Volumes/T7 Touch/sleep/294/3 -> /Volumes/T7 Touch/sleep/293
Moved /Volumes/T7 Touch/sleep/295/34 -> /Volumes/T7 Touch/sleep/294
Moved /Volumes/T7 Touch/sleep/296/6 -> /Volumes/T7 Touch/sleep/295
Moved /Volumes/T7 Touch/sleep/297/2 -> /Volumes/T7 Touch/sleep/296
Moved /Volumes/T7 Touch/sleep/298/38 -> /Volumes/T7 Touch/sleep/297
Moved /Volumes/T7 Touch/sleep/299/62 -> /Volumes/T7 Touch/sleep/298
Moved /Volumes/T7 Touch/sleep/300/20 -> /Volumes/T7 Touch/sleep/299
Moved /Volumes/T7 Touch/sleep/301/81 -> /Volumes/T7 Touch/sleep/300
Moved /Volumes/T7 Touch/sleep/302/15 -> /Volumes/T7 Touch/sleep/301
Moved /Volumes/T7 Touch/sleep/303/37 -> /Volumes/T7 Touch/sleep/302
Moved /Volumes/T7 Touch/sleep/304/2 -> /Volumes/T7 Touch/sleep/303
Moved /Volumes/T7 Touch/sleep/305/10 -> /Volumes/T7 Touch/sleep/304
Moved /Volumes/T7 Touch/sleep/306/7 -> /Volumes/T7 Touch/sleep/305
Moved /Volumes/T7 Touch/sleep/307/2 -> /Volumes/T7 Touch/sleep/306
Moved /Volumes/T7 Touch/sleep/308/35 -> /Volumes/T7 Touch/sleep/307
Moved /Volumes/T7 Touch/sleep/309/38 -> /Volumes/T7 Touch/sleep/308
Moved /Volumes/T7 Touch/sleep/310/16 -> /Volumes/T7 Touch/sleep/309
Moved /Volumes/T7 Touch/sleep/311/72 -> /Volumes/T7 Touch/sleep/310
Moved /Volumes/T7 Touch/sleep/312/65 -> /Volumes/T7 Touch/sleep/311
Moved /Volumes/T7 Touch/sleep/313/59 -> /Volumes/T7 Touch/sleep/312
Moved /Volumes/T7 Touch/sleep/314/16 -> /Volumes/T7 Touch/sleep/313
Moved /Volumes/T7 Touch/sleep/315/21 -> /Volumes/T7 Touch/sleep/314
Moved /Volumes/T7 Touch/sleep/316/8 -> /Volumes/T7 Touch/sleep/315
Moved /Volumes/T7 Touch/sleep/317/54 -> /Volumes/T7 Touch/sleep/316
Moved /Volumes/T7 Touch/sleep/318/78 -> /Volumes/T7 Touch/sleep/317
Moved /Volumes/T7 Touch/sleep/319/69 -> /Volumes/T7 Touch/sleep/318
Moved /Volumes/T7 Touch/sleep/320/12 -> /Volumes/T7 Touch/sleep/319
Moved /Volumes/T7 Touch/sleep/321/36 -> /Volumes/T7 Touch/sleep/320
Moved /Volumes/T7 Touch/sleep/322/7 -> /Volumes/T7 Touch/sleep/321
Moved /Volumes/T7 Touch/sleep/323/40 -> /Volumes/T7 Touch/sleep/322
Moved /Volumes/T7 Touch/sleep/324/74 -> /Volumes/T7 Touch/sleep/323
Moved /Volumes/T7 Touch/sleep/325/45 -> /Volumes/T7 Touch/sleep/324
Moved /Volumes/T7 Touch/sleep/326/8 -> /Volumes/T7 Touch/sleep/325
Moved /Volumes/T7 Touch/sleep/327/56 -> /Volumes/T7 Touch/sleep/326
Moved /Volumes/T7 Touch/sleep/328/23 -> /Volumes/T7 Touch/sleep/327
Moved /Volumes/T7 Touch/sleep/329/80 -> /Volumes/T7 Touch/sleep/328
Moved /Volumes/T7 Touch/sleep/330/1 -> /Volumes/T7 Touch/sleep/329
Moved /Volumes/T7 Touch/sleep/331/45 -> /Volumes/T7 Touch/sleep/330
Moved /Volumes/T7 Touch/sleep/332/56 -> /Volumes/T7 Touch/sleep/331
Moved /Volumes/T7 Touch/sleep/333/59 -> /Volumes/T7 Touch/sleep/332
Moved /Volumes/T7 Touch/sleep/334/14 -> /Volumes/T7 Touch/sleep/333
Moved /Volumes/T7 Touch/sleep/335/13 -> /Volumes/T7 Touch/sleep/334
Moved /Volumes/T7 Touch/sleep/336/53 -> /Volumes/T7 Touch/sleep/335
Moved /Volumes/T7 Touch/sleep/337/24 -> /Volumes/T7 Touch/sleep/336
Moved /Volumes/T7 Touch/sleep/338/50 -> /Volumes/T7 Touch/sleep/337
Moved /Volumes/T7 Touch/sleep/339/67 -> /Volumes/T7 Touch/sleep/338
Moved /Volumes/T7 Touch/sleep/340/42 -> /Volumes/T7 Touch/sleep/339
Moved /Volumes/T7 Touch/sleep/341/12 -> /Volumes/T7 Touch/sleep/340
Moved /Volumes/T7 Touch/sleep/342/20 -> /Volumes/T7 Touch/sleep/341
Moved /Volumes/T7 Touch/sleep/343/42 -> /Volumes/T7 Touch/sleep/342
Moved /Volumes/T7 Touch/sleep/344/40 -> /Volumes/T7 Touch/sleep/343
Moved /Volumes/T7 Touch/sleep/345/82 -> /Volumes/T7 Touch/sleep/344
Moved /Volumes/T7 Touch/sleep/346/33 -> /Volumes/T7 Touch/sleep/345
Moved /Volumes/T7 Touch/sleep/347/46 -> /Volumes/T7 Touch/sleep/346
Moved /Volumes/T7 Touch/sleep/348/35 -> /Volumes/T7 Touch/sleep/347
Moved /Volumes/T7 Touch/sleep/349/11 -> /Volumes/T7 Touch/sleep/348
Moved /Volumes/T7 Touch/sleep/350/28 -> /Volumes/T7 Touch/sleep/349
Moved /Volumes/T7 Touch/sleep/351/42 -> /Volumes/T7 Touch/sleep/350
Moved /Volumes/T7 Touch/sleep/352/28 -> /Volumes/T7 Touch/sleep/351
Moved /Volumes/T7 Touch/sleep/352/29 -> /Volumes/T7 Touch/sleep/527
Moved /Volumes/T7 Touch/sleep/353/2 -> /Volumes/T7 Touch/sleep/352
Moved /Volumes/T7 Touch/sleep/354/61 -> /Volumes/T7 Touch/sleep/353
Moved /Volumes/T7 Touch/sleep/355/34 -> /Volumes/T7 Touch/sleep/354
Moved /Volumes/T7 Touch/sleep/356/21 -> /Volumes/T7 Touch/sleep/355
Moved /Volumes/T7 Touch/sleep/357/50 -> /Volumes/T7 Touch/sleep/356
Moved /Volumes/T7 Touch/sleep/358/55 -> /Volumes/T7 Touch/sleep/357
Moved /Volumes/T7 Touch/sleep/359/5 -> /Volumes/T7 Touch/sleep/358
Moved /Volumes/T7 Touch/sleep/360/66 -> /Volumes/T7 Touch/sleep/359
Moved /Volumes/T7 Touch/sleep/361/14 -> /Volumes/T7 Touch/sleep/360
Moved /Volumes/T7 Touch/sleep/362/3 -> /Volumes/T7 Touch/sleep/361
Moved /Volumes/T7 Touch/sleep/363/11 -> /Volumes/T7 Touch/sleep/362
Moved /Volumes/T7 Touch/sleep/364/15 -> /Volumes/T7 Touch/sleep/363
Moved /Volumes/T7 Touch/sleep/365/26 -> /Volumes/T7 Touch/sleep/364
Moved /Volumes/T7 Touch/sleep/366/50 -> /Volumes/T7 Touch/sleep/365
Moved /Volumes/T7 Touch/sleep/367/1 -> /Volumes/T7 Touch/sleep/366
Moved /Volumes/T7 Touch/sleep/368/10 -> /Volumes/T7 Touch/sleep/367
Moved /Volumes/T7 Touch/sleep/369/20 -> /Volumes/T7 Touch/sleep/368
Moved /Volumes/T7 Touch/sleep/370/48 -> /Volumes/T7 Touch/sleep/369
Moved /Volumes/T7 Touch/sleep/371/10 -> /Volumes/T7 Touch/sleep/370
Moved /Volumes/T7 Touch/sleep/372/8 -> /Volumes/T7 Touch/sleep/371
Moved /Volumes/T7 Touch/sleep/373/2 -> /Volumes/T7 Touch/sleep/372
Moved /Volumes/T7 Touch/sleep/374/51 -> /Volumes/T7 Touch/sleep/373
Moved /Volumes/T7 Touch/sleep/375/99 -> /Volumes/T7 Touch/sleep/374
Moved /Volumes/T7 Touch/sleep/376/26 -> /Volumes/T7 Touch/sleep/375
Moved /Volumes/T7 Touch/sleep/377/29 -> /Volumes/T7 Touch/sleep/376
Moved /Volumes/T7 Touch/sleep/378/23 -> /Volumes/T7 Touch/sleep/377
Moved /Volumes/T7 Touch/sleep/379/30 -> /Volumes/T7 Touch/sleep/378
Moved /Volumes/T7 Touch/sleep/380/8 -> /Volumes/T7 Touch/sleep/379
Moved /Volumes/T7 Touch/sleep/381/33 -> /Volumes/T7 Touch/sleep/380
Moved /Volumes/T7 Touch/sleep/382/39 -> /Volumes/T7 Touch/sleep/381
Moved /Volumes/T7 Touch/sleep/383/5 -> /Volumes/T7 Touch/sleep/382
Moved /Volumes/T7 Touch/sleep/384/10 -> /Volumes/T7 Touch/sleep/383
Moved /Volumes/T7 Touch/sleep/385/55 -> /Volumes/T7 Touch/sleep/384
Moved /Volumes/T7 Touch/sleep/386/19 -> /Volumes/T7 Touch/sleep/385
Moved /Volumes/T7 Touch/sleep/387/52 -> /Volumes/T7 Touch/sleep/386
Moved /Volumes/T7 Touch/sleep/388/21 -> /Volumes/T7 Touch/sleep/387
Moved /Volumes/T7 Touch/sleep/389/39 -> /Volumes/T7 Touch/sleep/388
Moved /Volumes/T7 Touch/sleep/390/22 -> /Volumes/T7 Touch/sleep/389
Moved /Volumes/T7 Touch/sleep/391/2 -> /Volumes/T7 Touch/sleep/390
Moved /Volumes/T7 Touch/sleep/392/1 -> /Volumes/T7 Touch/sleep/391
Moved /Volumes/T7 Touch/sleep/393/21 -> /Volumes/T7 Touch/sleep/392
Moved /Volumes/T7 Touch/sleep/394/9 -> /Volumes/T7 Touch/sleep/393
Moved /Volumes/T7 Touch/sleep/395/22 -> /Volumes/T7 Touch/sleep/394
Moved /Volumes/T7 Touch/sleep/396/55 -> /Volumes/T7 Touch/sleep/395
Moved /Volumes/T7 Touch/sleep/397/11 -> /Volumes/T7 Touch/sleep/396
Moved /Volumes/T7 Touch/sleep/398/18 -> /Volumes/T7 Touch/sleep/397
Moved /Volumes/T7 Touch/sleep/399/61 -> /Volumes/T7 Touch/sleep/398
Moved /Volumes/T7 Touch/sleep/400/23 -> /Volumes/T7 Touch/sleep/399
Moved /Volumes/T7 Touch/sleep/401/61 -> /Volumes/T7 Touch/sleep/400
Moved /Volumes/T7 Touch/sleep/402/39 -> /Volumes/T7 Touch/sleep/401
Moved /Volumes/T7 Touch/sleep/403/10 -> /Volumes/T7 Touch/sleep/402
Moved /Volumes/T7 Touch/sleep/404/23 -> /Volumes/T7 Touch/sleep/403
Moved /Volumes/T7 Touch/sleep/405/120 -> /Volumes/T7 Touch/sleep/404
Moved /Volumes/T7 Touch/sleep/406/1 -> /Volumes/T7 Touch/sleep/405
Moved /Volumes/T7 Touch/sleep/406/157 -> /Volumes/T7 Touch/sleep/528
Moved /Volumes/T7 Touch/sleep/407/62 -> /Volumes/T7 Touch/sleep/406
Moved /Volumes/T7 Touch/sleep/408/42 -> /Volumes/T7 Touch/sleep/407
Moved /Volumes/T7 Touch/sleep/409/58 -> /Volumes/T7 Touch/sleep/408
Moved /Volumes/T7 Touch/sleep/410/97 -> /Volumes/T7 Touch/sleep/409
Moved /Volumes/T7 Touch/sleep/411/95 -> /Volumes/T7 Touch/sleep/410
Moved /Volumes/T7 Touch/sleep/412/1 -> /Volumes/T7 Touch/sleep/411
Moved /Volumes/T7 Touch/sleep/413/201 -> /Volumes/T7 Touch/sleep/412
Moved /Volumes/T7 Touch/sleep/414/201 -> /Volumes/T7 Touch/sleep/413
Moved /Volumes/T7 Touch/sleep/415/140 -> /Volumes/T7 Touch/sleep/414
Moved /Volumes/T7 Touch/sleep/416/79 -> /Volumes/T7 Touch/sleep/415
Moved /Volumes/T7 Touch/sleep/417/160 -> /Volumes/T7 Touch/sleep/416
Moved /Volumes/T7 Touch/sleep/418/1 -> /Volumes/T7 Touch/sleep/417
Moved /Volumes/T7 Touch/sleep/419/1 -> /Volumes/T7 Touch/sleep/418
Moved /Volumes/T7 Touch/sleep/420/54 -> /Volumes/T7 Touch/sleep/419
Moved /Volumes/T7 Touch/sleep/421/237 -> /Volumes/T7 Touch/sleep/420
Moved /Volumes/T7 Touch/sleep/422/1 -> /Volumes/T7 Touch/sleep/421
Moved /Volumes/T7 Touch/sleep/423/210 -> /Volumes/T7 Touch/sleep/422
Moved /Volumes/T7 Touch/sleep/424/89 -> /Volumes/T7 Touch/sleep/423
Moved /Volumes/T7 Touch/sleep/425/62 -> /Volumes/T7 Touch/sleep/424
Moved /Volumes/T7 Touch/sleep/426/39 -> /Volumes/T7 Touch/sleep/425
Moved /Volumes/T7 Touch/sleep/427/174 -> /Volumes/T7 Touch/sleep/426
Moved /Volumes/T7 Touch/sleep/428/1 -> /Volumes/T7 Touch/sleep/427
Moved /Volumes/T7 Touch/sleep/429/18 -> /Volumes/T7 Touch/sleep/428
Moved /Volumes/T7 Touch/sleep/430/10 -> /Volumes/T7 Touch/sleep/429
Moved /Volumes/T7 Touch/sleep/431/30 -> /Volumes/T7 Touch/sleep/430
Moved /Volumes/T7 Touch/sleep/432/131 -> /Volumes/T7 Touch/sleep/431
Moved /Volumes/T7 Touch/sleep/433/150 -> /Volumes/T7 Touch/sleep/432
Moved /Volumes/T7 Touch/sleep/434/1 -> /Volumes/T7 Touch/sleep/433
Moved /Volumes/T7 Touch/sleep/435/4 -> /Volumes/T7 Touch/sleep/434
Moved /Volumes/T7 Touch/sleep/436/180 -> /Volumes/T7 Touch/sleep/435
Moved /Volumes/T7 Touch/sleep/437/170 -> /Volumes/T7 Touch/sleep/436
Moved /Volumes/T7 Touch/sleep/438/154 -> /Volumes/T7 Touch/sleep/437
Moved /Volumes/T7 Touch/sleep/439/1 -> /Volumes/T7 Touch/sleep/438
Moved /Volumes/T7 Touch/sleep/440/50 -> /Volumes/T7 Touch/sleep/439
Moved /Volumes/T7 Touch/sleep/441/85 -> /Volumes/T7 Touch/sleep/440
Moved /Volumes/T7 Touch/sleep/442/168 -> /Volumes/T7 Touch/sleep/441
Moved /Volumes/T7 Touch/sleep/443/92 -> /Volumes/T7 Touch/sleep/442
Moved /Volumes/T7 Touch/sleep/444/151 -> /Volumes/T7 Touch/sleep/443
Moved /Volumes/T7 Touch/sleep/445/138 -> /Volumes/T7 Touch/sleep/444
Moved /Volumes/T7 Touch/sleep/446/1 -> /Volumes/T7 Touch/sleep/445
Moved /Volumes/T7 Touch/sleep/447/6 -> /Volumes/T7 Touch/sleep/446
Moved /Volumes/T7 Touch/sleep/448/21 -> /Volumes/T7 Touch/sleep/447
Moved /Volumes/T7 Touch/sleep/449/35 -> /Volumes/T7 Touch/sleep/448
Moved /Volumes/T7 Touch/sleep/450/53 -> /Volumes/T7 Touch/sleep/449
Moved /Volumes/T7 Touch/sleep/451/57 -> /Volumes/T7 Touch/sleep/450
Moved /Volumes/T7 Touch/sleep/452/10 -> /Volumes/T7 Touch/sleep/451
Moved /Volumes/T7 Touch/sleep/453/39 -> /Volumes/T7 Touch/sleep/452
Moved /Volumes/T7 Touch/sleep/454/49 -> /Volumes/T7 Touch/sleep/453
Moved /Volumes/T7 Touch/sleep/455/37 -> /Volumes/T7 Touch/sleep/454
Moved /Volumes/T7 Touch/sleep/456/8 -> /Volumes/T7 Touch/sleep/455
Moved /Volumes/T7 Touch/sleep/457/1 -> /Volumes/T7 Touch/sleep/456
Moved /Volumes/T7 Touch/sleep/458/57 -> /Volumes/T7 Touch/sleep/457
Moved /Volumes/T7 Touch/sleep/459/52 -> /Volumes/T7 Touch/sleep/458
Moved /Volumes/T7 Touch/sleep/459/57 -> /Volumes/T7 Touch/sleep/529
Moved /Volumes/T7 Touch/sleep/460/40 -> /Volumes/T7 Touch/sleep/459
Moved /Volumes/T7 Touch/sleep/461/40 -> /Volumes/T7 Touch/sleep/460
Moved /Volumes/T7 Touch/sleep/462/30 -> /Volumes/T7 Touch/sleep/461
Moved /Volumes/T7 Touch/sleep/463/63 -> /Volumes/T7 Touch/sleep/462
Moved /Volumes/T7 Touch/sleep/464/1 -> /Volumes/T7 Touch/sleep/463
Moved /Volumes/T7 Touch/sleep/465/177 -> /Volumes/T7 Touch/sleep/464
Moved /Volumes/T7 Touch/sleep/466/18 -> /Volumes/T7 Touch/sleep/465
Moved /Volumes/T7 Touch/sleep/467/124 -> /Volumes/T7 Touch/sleep/466
Moved /Volumes/T7 Touch/sleep/467/125 -> /Volumes/T7 Touch/sleep/530
Moved /Volumes/T7 Touch/sleep/468/125 -> /Volumes/T7 Touch/sleep/467
Moved /Volumes/T7 Touch/sleep/469/24 -> /Volumes/T7 Touch/sleep/468
Moved /Volumes/T7 Touch/sleep/470/48 -> /Volumes/T7 Touch/sleep/469
Moved /Volumes/T7 Touch/sleep/471/27 -> /Volumes/T7 Touch/sleep/470
Moved /Volumes/T7 Touch/sleep/472/6 -> /Volumes/T7 Touch/sleep/471
Moved /Volumes/T7 Touch/sleep/473/22 -> /Volumes/T7 Touch/sleep/472
Moved /Volumes/T7 Touch/sleep/474/70 -> /Volumes/T7 Touch/sleep/473
Moved /Volumes/T7 Touch/sleep/475/37 -> /Volumes/T7 Touch/sleep/474
Moved /Volumes/T7 Touch/sleep/476/8 -> /Volumes/T7 Touch/sleep/475
Moved /Volumes/T7 Touch/sleep/477/39 -> /Volumes/T7 Touch/sleep/476
Moved /Volumes/T7 Touch/sleep/478/12 -> /Volumes/T7 Touch/sleep/477
Moved /Volumes/T7 Touch/sleep/479/11 -> /Volumes/T7 Touch/sleep/478
Moved /Volumes/T7 Touch/sleep/480/38 -> /Volumes/T7 Touch/sleep/479
Moved /Volumes/T7 Touch/sleep/481/15 -> /Volumes/T7 Touch/sleep/480
Moved /Volumes/T7 Touch/sleep/482/23 -> /Volumes/T7 Touch/sleep/481
Moved /Volumes/T7 Touch/sleep/483/24 -> /Volumes/T7 Touch/sleep/482
Moved /Volumes/T7 Touch/sleep/484/32 -> /Volumes/T7 Touch/sleep/483
Moved /Volumes/T7 Touch/sleep/485/5 -> /Volumes/T7 Touch/sleep/484
Moved /Volumes/T7 Touch/sleep/486/49 -> /Volumes/T7 Touch/sleep/485
Moved /Volumes/T7 Touch/sleep/487/54 -> /Volumes/T7 Touch/sleep/486
Moved /Volumes/T7 Touch/sleep/488/66 -> /Volumes/T7 Touch/sleep/487
Moved /Volumes/T7 Touch/sleep/489/21 -> /Volumes/T7 Touch/sleep/488
Moved /Volumes/T7 Touch/sleep/490/72 -> /Volumes/T7 Touch/sleep/489
Moved /Volumes/T7 Touch/sleep/491/46 -> /Volumes/T7 Touch/sleep/490
Moved /Volumes/T7 Touch/sleep/492/31 -> /Volumes/T7 Touch/sleep/491
Moved /Volumes/T7 Touch/sleep/493/50 -> /Volumes/T7 Touch/sleep/492
Moved /Volumes/T7 Touch/sleep/494/20 -> /Volumes/T7 Touch/sleep/493
Moved /Volumes/T7 Touch/sleep/495/82 -> /Volumes/T7 Touch/sleep/494
Moved /Volumes/T7 Touch/sleep/496/4 -> /Volumes/T7 Touch/sleep/495
Moved /Volumes/T7 Touch/sleep/497/34 -> /Volumes/T7 Touch/sleep/496
Moved /Volumes/T7 Touch/sleep/498/20 -> /Volumes/T7 Touch/sleep/497
Moved /Volumes/T7 Touch/sleep/499/1 -> /Volumes/T7 Touch/sleep/498
Moved /Volumes/T7 Touch/sleep/500/1 -> /Volumes/T7 Touch/sleep/499
Moved /Volumes/T7 Touch/sleep/500/2 -> /Volumes/T7 Touch/sleep/531
Moved /Volumes/T7 Touch/sleep/501/4 -> /Volumes/T7 Touch/sleep/500
Moved /Volumes/T7 Touch/sleep/502/12 -> /Volumes/T7 Touch/sleep/501
Moved /Volumes/T7 Touch/sleep/503/52 -> /Volumes/T7 Touch/sleep/502
Moved /Volumes/T7 Touch/sleep/504/74 -> /Volumes/T7 Touch/sleep/503
Moved /Volumes/T7 Touch/sleep/505/14 -> /Volumes/T7 Touch/sleep/504
Moved /Volumes/T7 Touch/sleep/506/3 -> /Volumes/T7 Touch/sleep/505
Moved /Volumes/T7 Touch/sleep/507/1 -> /Volumes/T7 Touch/sleep/506
Moved /Volumes/T7 Touch/sleep/508/61 -> /Volumes/T7 Touch/sleep/507
Moved /Volumes/T7 Touch/sleep/509/33 -> /Volumes/T7 Touch/sleep/508
Moved /Volumes/T7 Touch/sleep/510/67 -> /Volumes/T7 Touch/sleep/509

total count: 530
---------------------------------------------------------------
folder without SIGNAL.RAW: /Volumes/T7 Touch/sleep/110
folder without SIGNAL.RAW: /Volumes/T7 Touch/sleep/166
folder without SIGNAL.RAW: /Volumes/T7 Touch/sleep/167
folder without SIGNAL.RAW: /Volumes/T7 Touch/sleep/304
folder without SIGNAL.RAW: /Volumes/T7 Touch/sleep/371
folder without SIGNAL.RAW: /Volumes/T7 Touch/sleep/372
folder without SIGNAL.RAW: /Volumes/T7 Touch/sleep/495
folder without SIGNAL.RAW: /Volumes/T7 Touch/sleep/498
folder without SIGNAL.RAW: /Volumes/T7 Touch/sleep/499
folder without SIGNAL.RAW: /Volumes/T7 Touch/sleep/500
folder without SIGNAL.RAW: /Volumes/T7 Touch/sleep/527
folder without SIGNAL.RAW: /Volumes/T7 Touch/sleep/531
